<?xml version="1.0" encoding="UTF-8"?>
<testng-results skipped="0" failed="0" ignored="0" total="1" passed="1">
  <reporter-output>
  </reporter-output>
  <suite name="BDD API Automation" duration-ms="8634" started-at="2021-09-08T14:29:16Z" finished-at="2021-09-08T14:29:25Z">
    <groups>
      <group name="cucumber">
        <method signature="TestRunner.feature(cucumber.api.testng.CucumberFeatureWrapper)[pri:0, instance:api_automation.runner.TestRunner@58651fd0]" name="feature" class="api_automation.runner.TestRunner"/>
      </group> <!-- cucumber -->
    </groups>
    <test name="Search and Validate Details using API" duration-ms="8634" started-at="2021-09-08T14:29:16Z" finished-at="2021-09-08T14:29:25Z">
      <class name="api_automation.runner.TestRunner">
        <test-method status="PASS" signature="setUpClass()[pri:0, instance:api_automation.runner.TestRunner@58651fd0]" name="setUpClass" is-config="true" duration-ms="513" started-at="2021-09-08T14:29:16Z" finished-at="2021-09-08T14:29:16Z">
          <reporter-output>
          </reporter-output>
        </test-method> <!-- setUpClass -->
        <test-method status="PASS" signature="feature(cucumber.api.testng.CucumberFeatureWrapper)[pri:0, instance:api_automation.runner.TestRunner@58651fd0]" name="feature" duration-ms="7596" started-at="2021-09-08T14:29:17Z" description="Runs Cucumber Feature" data-provider="features" finished-at="2021-09-08T14:29:24Z">
          <params>
            <param index="0">
              <value>
                <![CDATA[API Automation using Restassured]]>
              </value>
            </param>
          </params>
          <reporter-output>
          </reporter-output>
        </test-method> <!-- feature -->
        <test-method status="PASS" signature="tearDownClass()[pri:0, instance:api_automation.runner.TestRunner@58651fd0]" name="tearDownClass" is-config="true" duration-ms="392" started-at="2021-09-08T14:29:24Z" finished-at="2021-09-08T14:29:25Z">
          <reporter-output>
          </reporter-output>
        </test-method> <!-- tearDownClass -->
      </class> <!-- api_automation.runner.TestRunner -->
    </test> <!-- Search and Validate Details using API -->
  </suite> <!-- BDD API Automation -->
</testng-results>
