<?xml version="1.0" encoding="UTF-8"?>
<testng-results skipped="0" failed="0" ignored="0" total="1" passed="1">
  <reporter-output>
  </reporter-output>
  <suite name="Default suite" duration-ms="5613" started-at="2021-09-07T20:40:17Z" finished-at="2021-09-07T20:40:22Z">
    <groups>
      <group name="cucumber">
        <method signature="TestRunner.feature(cucumber.api.testng.CucumberFeatureWrapper)[pri:0, instance:api_automation.runner.TestRunner@71423665]" name="feature" class="api_automation.runner.TestRunner"/>
      </group> <!-- cucumber -->
    </groups>
    <test name="Default test" duration-ms="5613" started-at="2021-09-07T20:40:17Z" finished-at="2021-09-07T20:40:22Z">
      <class name="api_automation.runner.TestRunner">
        <test-method status="PASS" signature="setUpClass()[pri:0, instance:api_automation.runner.TestRunner@71423665]" name="setUpClass" is-config="true" duration-ms="276" started-at="2021-09-07T20:40:17Z" finished-at="2021-09-07T20:40:17Z">
          <reporter-output>
          </reporter-output>
        </test-method> <!-- setUpClass -->
        <test-method status="PASS" signature="feature(cucumber.api.testng.CucumberFeatureWrapper)[pri:0, instance:api_automation.runner.TestRunner@71423665]" name="feature" duration-ms="4893" started-at="2021-09-07T20:40:17Z" description="Runs Cucumber Feature" data-provider="features" finished-at="2021-09-07T20:40:22Z">
          <params>
            <param index="0">
              <value>
                <![CDATA[API Automation using Restassured]]>
              </value>
            </param>
          </params>
          <reporter-output>
          </reporter-output>
        </test-method> <!-- feature -->
        <test-method status="PASS" signature="tearDownClass()[pri:0, instance:api_automation.runner.TestRunner@71423665]" name="tearDownClass" is-config="true" duration-ms="332" started-at="2021-09-07T20:40:22Z" finished-at="2021-09-07T20:40:22Z">
          <reporter-output>
          </reporter-output>
        </test-method> <!-- tearDownClass -->
      </class> <!-- api_automation.runner.TestRunner -->
    </test> <!-- Default test -->
  </suite> <!-- Default suite -->
</testng-results>
